<component name="libraryTable">
  <library name="junit-addons-1.4">
    <CLASSES>
      <root url="jar://$PROJECT_DIR$/app/libs/junit-addons-1.4.jar!/" />
    </CLASSES>
    <JAVADOC />
    <SOURCES />
  </library>
</component>